Command: show databases;
+--------------------+
| Database           |
+--------------------+
| app                |
| as7                |
| college            |
| comsys             |
| dbms               |
| everything         |
| inf                |
| information_schema |
| issues             |
| mysql              |
| new                |
| new_2              |
| performance_schema |
| portfolio_users    |
| prac               |
| practice           |
| sys                |
| temp               |
+--------------------+
Switched to database: new
Command: USE new; show tables;
+---------------+
| Tables_in_new |
+---------------+
| boats         |
| reserves      |
| sailors       |
| view_10       |
| view_5        |
| view_q_3      |
+---------------+
Command: USE new; select * from boats;
+------+--------+---------+
| bid  | bname  | color   |
+------+--------+---------+
|    1 | Bob    | RED     |
|    2 | BOAT-1 | RED     |
|    3 | BOAT-2 | GREEN   |
|    4 | BOAT-3 | YELLOW  |
|    5 | BOAT-5 | RGB ANY |
+------+--------+---------+
Error: ERROR 1064 (42000) at line 1: You have an error in your SQL syntax; check the manual that corresponds to your MySQL server version for the right syntax to use near '[A[A[B[Bselect * from boats' at line 1
Error: ERROR 1064 (42000) at line 1: You have an error in your SQL syntax; check the manual that corresponds to your MySQL server version for the right syntax to use near '[A[Bselect * from boats' at line 1
Error: ERROR 1064 (42000) at line 1: You have an error in your SQL syntax; check the manual that corresponds to your MySQL server version for the right syntax to use near '[A[B[B[Cselect * from boats' at line 1
