mysql: [Warning] Using a password on the command line interface can be insecure.
Database
app
as7
college
comsys
dbms
everything
inf
information_schema
issues
mysql
new
new_2
performance_schema
portfolio_users
prac
practice
sys
temp
mysql: [Warning] Using a password on the command line interface can be insecure.
Database
app
as7
college
comsys
dbms
everything
inf
information_schema
issues
mysql
new
new_2
performance_schema
portfolio_users
prac
practice
sys
temp
mysql: [Warning] Using a password on the command line interface can be insecure.
Database
app
as7
college
comsys
dbms
everything
inf
information_schema
issues
mysql
new
new_2
performance_schema
portfolio_users
prac
practice
sys
temp
mysql: [Warning] Using a password on the command line interface can be insecure.
Database
app
as7
college
comsys
dbms
everything
inf
information_schema
issues
mysql
new
new_2
performance_schema
portfolio_users
prac
practice
sys
temp
