Command: show databases;
Database
app
as7
college
comsys
dbms
everything
inf
information_schema
issues
mysql
new
new_2
performance_schema
portfolio_users
prac
practice
sys
temp
Command: show databases;
Database
app
as7
college
comsys
dbms
everything
inf
information_schema
issues
mysql
new
new_2
performance_schema
portfolio_users
prac
practice
sys
temp
Error: ERROR 1064 (42000) at line 1: You have an error in your SQL syntax; check the manual that corresponds to your MySQL server version for the right syntax to use near 'nano test2.sh' at line 1
Command: show databases;
Database
app
as7
college
comsys
dbms
everything
inf
information_schema
issues
mysql
new
new_2
performance_schema
portfolio_users
prac
practice
sys
temp
Command: use new;

Error: ERROR 1046 (3D000) at line 1: No database selected
Error: ERROR 1049 (42000) at line 1: Unknown database 'database'
Error: ERROR 1064 (42000) at line 1: You have an error in your SQL syntax; check the manual that corresponds to your MySQL server version for the right syntax to use near 'datbases' at line 1
Error: ERROR 1064 (42000) at line 1: You have an error in your SQL syntax; check the manual that corresponds to your MySQL server version for the right syntax to use near '[A[B[A[Bshow databases' at line 1
Command: show databases;
Database
app
as7
college
comsys
dbms
everything
inf
information_schema
issues
mysql
new
new_2
performance_schema
portfolio_users
prac
practice
sys
temp
Switched to database: new
Command: USE new; show tables;
Tables_in_new
boats
reserves
sailors
view_10
view_5
view_q_3
Command: USE new; select * from view_5;

Error: ERROR 1064 (42000) at line 1: You have an error in your SQL syntax; check the manual that corresponds to your MySQL server version for the right syntax to use near '[A[A[B[Bselect * from sailors' at line 1
Error: ERROR 1064 (42000) at line 1: You have an error in your SQL syntax; check the manual that corresponds to your MySQL server version for the right syntax to use near '[A[Bdescribe sailors' at line 1
Command: show databases;
Database
app
as7
college
comsys
dbms
everything
inf
information_schema
issues
mysql
new
new_2
performance_schema
portfolio_users
prac
practice
sys
temp
Switched to database: new
Command: USE new; show tables;
Tables_in_new
boats
reserves
sailors
view_10
view_5
view_q_3
Command: USE new; select * from view_10;
rating	average_age
4	18.0000
Error: ERROR 1064 (42000) at line 1: You have an error in your SQL syntax; check the manual that corresponds to your MySQL server version for the right syntax to use near '[A[A[B[Bselect * from sailors' at line 1
Command: USE new; describe sailors;
Field	Type	Null	Key	Default	Extra
sid	int	YES		NULL	
sname	varchar(50)	YES		NULL	
rating	int	YES		NULL	
age	int	YES		NULL	
Command: USE new; select * from sailors;
sid	sname	rating	age
1	USER-1	5	18
2	USER-2	4	18
101	USER-101	4	18
102	USER-102	4	18
50	Bob	4	18
Command: show databases;
*************************** 1. row ***************************
Database: app
*************************** 2. row ***************************
Database: as7
*************************** 3. row ***************************
Database: college
*************************** 4. row ***************************
Database: comsys
*************************** 5. row ***************************
Database: dbms
*************************** 6. row ***************************
Database: everything
*************************** 7. row ***************************
Database: inf
*************************** 8. row ***************************
Database: information_schema
*************************** 9. row ***************************
Database: issues
*************************** 10. row ***************************
Database: mysql
*************************** 11. row ***************************
Database: new
*************************** 12. row ***************************
Database: new_2
*************************** 13. row ***************************
Database: performance_schema
*************************** 14. row ***************************
Database: portfolio_users
*************************** 15. row ***************************
Database: prac
*************************** 16. row ***************************
Database: practice
*************************** 17. row ***************************
Database: sys
*************************** 18. row ***************************
Database: temp
Command: use new;

Error: ERROR 1046 (3D000) at line 1: No database selected
Switched to database: new
Command: USE new; show tables;
*************************** 1. row ***************************
Tables_in_new: boats
*************************** 2. row ***************************
Tables_in_new: reserves
*************************** 3. row ***************************
Tables_in_new: sailors
*************************** 4. row ***************************
Tables_in_new: view_10
*************************** 5. row ***************************
Tables_in_new: view_5
*************************** 6. row ***************************
Tables_in_new: view_q_3
Command: USE new; select * from sailors;
*************************** 1. row ***************************
   sid: 1
 sname: USER-1
rating: 5
   age: 18
*************************** 2. row ***************************
   sid: 2
 sname: USER-2
rating: 4
   age: 18
*************************** 3. row ***************************
   sid: 101
 sname: USER-101
rating: 4
   age: 18
*************************** 4. row ***************************
   sid: 102
 sname: USER-102
rating: 4
   age: 18
*************************** 5. row ***************************
   sid: 50
 sname: Bob
rating: 4
   age: 18
Command: show databases;
+--------------------+
| Database           |
+--------------------+
| app                |
| as7                |
| college            |
| comsys             |
| dbms               |
| everything         |
| inf                |
| information_schema |
| issues             |
| mysql              |
| new                |
| new_2              |
| performance_schema |
| portfolio_users    |
| prac               |
| practice           |
| sys                |
| temp               |
+--------------------+
Switched to database: new
Command: USE new; show tables;
+---------------+
| Tables_in_new |
+---------------+
| boats         |
| reserves      |
| sailors       |
| view_10       |
| view_5        |
| view_q_3      |
+---------------+
Command: USE new; select * from boats;
+------+--------+---------+
| bid  | bname  | color   |
+------+--------+---------+
|    1 | Bob    | RED     |
|    2 | BOAT-1 | RED     |
|    3 | BOAT-2 | GREEN   |
|    4 | BOAT-3 | YELLOW  |
|    5 | BOAT-5 | RGB ANY |
+------+--------+---------+
Command: show databases;
+--------------------+
| Database           |
+--------------------+
| app                |
| as7                |
| college            |
| comsys             |
| dbms               |
| everything         |
| inf                |
| information_schema |
| issues             |
| mysql              |
| new                |
| new_2              |
| performance_schema |
| portfolio_users    |
| prac               |
| practice           |
| sys                |
| temp               |
+--------------------+
Switched to database: new
Command: USE new; show tables;
+---------------+
| Tables_in_new |
+---------------+
| boats         |
| reserves      |
| sailors       |
| view_10       |
| view_5        |
| view_q_3      |
+---------------+
Command: USE new; select * from boats;
+------+--------+---------+
| bid  | bname  | color   |
+------+--------+---------+
|    1 | Bob    | RED     |
|    2 | BOAT-1 | RED     |
|    3 | BOAT-2 | GREEN   |
|    4 | BOAT-3 | YELLOW  |
|    5 | BOAT-5 | RGB ANY |
+------+--------+---------+
